<?xml version="1.0" encoding="UTF-8"?>
<!-- Generated by org.testng.reporters.JUnitReportReporter -->
<testsuite skipped="0" hostname="ZCOMDMH101699-AndresRios" name="test.examples.selenium3.GoogleSearchPomTest" tests="1" failures="0" timestamp="2022-03-02T12:42:09 COT" time="4.965" errors="0">
  <testcase name="goobleSearch" time="4.965" classname="test.examples.selenium3.GoogleSearchPomTest"/>
  <system-out/>
</testsuite> <!-- test.examples.selenium3.GoogleSearchPomTest -->
