<?xml version="1.0" encoding="UTF-8"?>
<!-- Generated by org.testng.reporters.JUnitReportReporter -->
<testsuite skipped="0" hostname="ZCOMDMH101699-AndresRios" name="test.examples.selenium3.TestNgTestExecution" tests="5" failures="0" timestamp="2022-03-02T12:42:09 COT" time="5.008" errors="0">
  <testcase name="tc01LaunchURL" time="3.351" classname="test.examples.selenium3.TestNgTestExecution"/>
  <system-out/>
  <testcase name="tc04VerifyLoggedInPage" time="0.022" classname="test.examples.selenium3.TestNgTestExecution"/>
  <system-out/>
  <testcase name="tc03EnterCredentials" time="1.567" classname="test.examples.selenium3.TestNgTestExecution"/>
  <system-out/>
  <testcase name="tc05VerifyHyperlinks" time="0.022" classname="test.examples.selenium3.TestNgTestExecution"/>
  <system-out/>
  <testcase name="tc02VerifyLaunchPage" time="0.046" classname="test.examples.selenium3.TestNgTestExecution"/>
  <system-out/>
</testsuite> <!-- test.examples.selenium3.TestNgTestExecution -->
